# JRE version: OpenJDK Runtime Environment Corretto-11.0.15.9.1 (11.0.15+9) (build 11.0.15+9-LTS)
# Java VM: OpenJDK 64-Bit Server VM Corretto-11.0.15.9.1 (11.0.15+9-LTS, mixed mode, tiered, compressed oops, g1 gc, windows-amd64)
Heap:
 garbage-first heap   total 262144K, used 75045K [0x0000000701e00000, 0x0000000800000000)
  region size 1024K, 52 young (53248K), 14 survivors (14336K)
 Metaspace       used 34500K, capacity 35226K, committed 35452K, reserved 1081344K
  class space    used 3566K, capacity 3827K, committed 3964K, reserved 1048576K
GC Heap History (10 events):
Event: 0.582 GC heap before
{Heap before GC invocations=0 (full 0):
 garbage-first heap   total 262144K, used 23552K [0x0000000701e00000, 0x0000000800000000)
  region size 1024K, 24 young (24576K), 0 survivors (0K)
 Metaspace       used 12727K, capacity 12933K, committed 13056K, reserved 1060864K
  class space    used 1173K, capacity 1246K, committed 1280K, reserved 1048576K
}
Event: 0.585 GC heap after
{Heap after GC invocations=1 (full 0):
 garbage-first heap   total 262144K, used 4619K [0x0000000701e00000, 0x0000000800000000)
  region size 1024K, 3 young (3072K), 3 survivors (3072K)
 Metaspace       used 12727K, capacity 12933K, committed 13056K, reserved 1060864K
  class space    used 1173K, capacity 1246K, committed 1280K, reserved 1048576K
}
Event: 1.561 GC heap before
{Heap before GC invocations=1 (full 0):
 garbage-first heap   total 262144K, used 71179K [0x0000000701e00000, 0x0000000800000000)
  region size 1024K, 69 young (70656K), 3 survivors (3072K)
 Metaspace       used 20958K, capacity 21201K, committed 21248K, reserved 1069056K
  class space    used 1919K, capacity 2039K, committed 2048K, reserved 1048576K
}
Event: 1.574 GC heap after
{Heap after GC invocations=2 (full 0):
 garbage-first heap   total 262144K, used 15029K [0x0000000701e00000, 0x0000000800000000)
  region size 1024K, 14 young (14336K), 14 survivors (14336K)
 Metaspace       used 20958K, capacity 21201K, committed 21248K, reserved 1069056K
  class space    used 1919K, capacity 2039K, committed 2048K, reserved 1048576K
}
Event: 2.058 GC heap before
{Heap before GC invocations=3 (full 0):
 garbage-first heap   total 262144K, used 61109K [0x0000000701e00000, 0x0000000800000000)
  region size 1024K, 59 young (60416K), 14 survivors (14336K)
 Metaspace       used 23672K, capacity 24077K, committed 24316K, reserved 1071104K
  class space    used 2240K, capacity 2405K, committed 2556K, reserved 1048576K
}
Event: 2.069 GC heap after
{Heap after GC invocations=4 (full 0):
 garbage-first heap   total 262144K, used 21127K [0x0000000701e00000, 0x0000000800000000)
  region size 1024K, 6 young (6144K), 6 survivors (6144K)
 Metaspace       used 23672K, capacity 24077K, committed 24316K, reserved 1071104K
  class space    used 2240K, capacity 2405K, committed 2556K, reserved 1048576K
}
Event: 3.213 GC heap before
{Heap before GC invocations=4 (full 0):
 garbage-first heap   total 262144K, used 102023K [0x0000000701e00000, 0x0000000800000000)
  region size 1024K, 85 young (87040K), 6 survivors (6144K)
 Metaspace       used 29261K, capacity 29862K, committed 30204K, reserved 1077248K
  class space    used 2959K, capacity 3215K, committed 3324K, reserved 1048576K
}
Event: 3.220 GC heap after
{Heap after GC invocations=5 (full 0):
 garbage-first heap   total 262144K, used 27178K [0x0000000701e00000, 0x0000000800000000)
  region size 1024K, 11 young (11264K), 11 survivors (11264K)
 Metaspace       used 29261K, capacity 29862K, committed 30204K, reserved 1077248K
  class space    used 2959K, capacity 3215K, committed 3324K, reserved 1048576K
}
Event: 6.433 GC heap before
{Heap before GC invocations=5 (full 0):
 garbage-first heap   total 262144K, used 128554K [0x0000000701e00000, 0x0000000800000000)
  region size 1024K, 110 young (112640K), 11 survivors (11264K)
 Metaspace       used 33114K, capacity 33812K, committed 33916K, reserved 1079296K
  class space    used 3376K, capacity 3633K, committed 3708K, reserved 1048576K
}
Event: 6.446 GC heap after
{Heap after GC invocations=6 (full 0):
 garbage-first heap   total 262144K, used 37157K [0x0000000701e00000, 0x0000000800000000)
  region size 1024K, 14 young (14336K), 14 survivors (14336K)
 Metaspace       used 33114K, capacity 33812K, committed 33916K, reserved 1079296K
  class space    used 3376K, capacity 3633K, committed 3708K, reserved 1048576K
}

