# JRE version: OpenJDK Runtime Environment Corretto-11.0.15.9.1 (11.0.15+9) (build 11.0.15+9-LTS)
# Java VM: OpenJDK 64-Bit Server VM Corretto-11.0.15.9.1 (11.0.15+9-LTS, mixed mode, tiered, compressed oops, g1 gc, windows-amd64)
Heap:
 garbage-first heap   total 262144K, used 131189K [0x0000000701e00000, 0x0000000800000000)
  region size 1024K, 109 young (111616K), 19 survivors (19456K)
 Metaspace       used 39474K, capacity 40234K, committed 40320K, reserved 1085440K
  class space    used 4109K, capacity 4428K, committed 4480K, reserved 1048576K
GC Heap History (10 events):
Event: 0.542 GC heap before
{Heap before GC invocations=0 (full 0):
 garbage-first heap   total 262144K, used 23552K [0x0000000701e00000, 0x0000000800000000)
  region size 1024K, 24 young (24576K), 0 survivors (0K)
 Metaspace       used 12740K, capacity 12933K, committed 13056K, reserved 1060864K
  class space    used 1173K, capacity 1246K, committed 1280K, reserved 1048576K
}
Event: 0.545 GC heap after
{Heap after GC invocations=1 (full 0):
 garbage-first heap   total 262144K, used 4446K [0x0000000701e00000, 0x0000000800000000)
  region size 1024K, 3 young (3072K), 3 survivors (3072K)
 Metaspace       used 12740K, capacity 12933K, committed 13056K, reserved 1060864K
  class space    used 1173K, capacity 1246K, committed 1280K, reserved 1048576K
}
Event: 1.542 GC heap before
{Heap before GC invocations=1 (full 0):
 garbage-first heap   total 262144K, used 72030K [0x0000000701e00000, 0x0000000800000000)
  region size 1024K, 70 young (71680K), 3 survivors (3072K)
 Metaspace       used 20952K, capacity 21192K, committed 21248K, reserved 1069056K
  class space    used 1920K, capacity 2035K, committed 2048K, reserved 1048576K
}
Event: 1.554 GC heap after
{Heap after GC invocations=2 (full 0):
 garbage-first heap   total 262144K, used 15069K [0x0000000701e00000, 0x0000000800000000)
  region size 1024K, 14 young (14336K), 14 survivors (14336K)
 Metaspace       used 20952K, capacity 21192K, committed 21248K, reserved 1069056K
  class space    used 1920K, capacity 2035K, committed 2048K, reserved 1048576K
}
Event: 2.171 GC heap before
{Heap before GC invocations=3 (full 0):
 garbage-first heap   total 262144K, used 78557K [0x0000000701e00000, 0x0000000800000000)
  region size 1024K, 76 young (77824K), 14 survivors (14336K)
 Metaspace       used 24851K, capacity 25269K, committed 25472K, reserved 1073152K
  class space    used 2399K, capacity 2567K, committed 2688K, reserved 1048576K
}
Event: 2.183 GC heap after
{Heap after GC invocations=4 (full 0):
 garbage-first heap   total 262144K, used 22594K [0x0000000701e00000, 0x0000000800000000)
  region size 1024K, 8 young (8192K), 8 survivors (8192K)
 Metaspace       used 24851K, capacity 25269K, committed 25472K, reserved 1073152K
  class space    used 2399K, capacity 2567K, committed 2688K, reserved 1048576K
}
Event: 5.479 GC heap before
{Heap before GC invocations=4 (full 0):
 garbage-first heap   total 262144K, used 102466K [0x0000000701e00000, 0x0000000800000000)
  region size 1024K, 86 young (88064K), 8 survivors (8192K)
 Metaspace       used 29870K, capacity 30474K, committed 30720K, reserved 1077248K
  class space    used 3053K, capacity 3288K, committed 3328K, reserved 1048576K
}
Event: 5.487 GC heap after
{Heap after GC invocations=5 (full 0):
 garbage-first heap   total 262144K, used 28951K [0x0000000701e00000, 0x0000000800000000)
  region size 1024K, 7 young (7168K), 7 survivors (7168K)
 Metaspace       used 29870K, capacity 30474K, committed 30720K, reserved 1077248K
  class space    used 3053K, capacity 3288K, committed 3328K, reserved 1048576K
}
Event: 6.215 GC heap before
{Heap before GC invocations=5 (full 0):
 garbage-first heap   total 262144K, used 165143K [0x0000000701e00000, 0x0000000800000000)
  region size 1024K, 141 young (144384K), 7 survivors (7168K)
 Metaspace       used 35143K, capacity 35813K, committed 35840K, reserved 1081344K
  class space    used 3672K, capacity 3941K, committed 3968K, reserved 1048576K
}
Event: 6.229 GC heap after
{Heap after GC invocations=6 (full 0):
 garbage-first heap   total 262144K, used 41077K [0x0000000701e00000, 0x0000000800000000)
  region size 1024K, 19 young (19456K), 19 survivors (19456K)
 Metaspace       used 35143K, capacity 35813K, committed 35840K, reserved 1081344K
  class space    used 3672K, capacity 3941K, committed 3968K, reserved 1048576K
}

